TN:
SF:src/server.ts
FN:37,(anonymous_1)
FN:84,(anonymous_2)
FN:91,(anonymous_3)
FNF:3
FNH:3
FNDA:1,(anonymous_1)
FNDA:1,(anonymous_2)
FNDA:1,(anonymous_3)
DA:1,1
DA:2,1
DA:4,1
DA:5,1
DA:8,1
DA:9,1
DA:11,1
DA:12,1
DA:15,1
DA:18,1
DA:21,1
DA:37,1
DA:40,1
DA:43,1
DA:44,1
DA:45,0
DA:46,0
DA:50,1
DA:54,1
DA:57,1
DA:58,0
DA:62,1
DA:67,1
DA:80,1
DA:84,1
DA:85,1
DA:86,1
DA:91,1
DA:92,1
DA:95,1
LF:30
LH:27
BRDA:44,0,0,0
BRDA:57,1,0,0
BRF:2
BRH:0
end_of_record
TN:
SF:src/api/DLTInterface.ts
FN:22,connectToNode
FN:52,publishDOMEEvent
FN:111,subscribeToDOMEEvents
FN:125,(anonymous_13)
FN:157,(anonymous_14)
FN:160,(anonymous_15)
FNF:6
FNH:3
FNDA:5,connectToNode
FNDA:2,publishDOMEEvent
FNDA:3,subscribeToDOMEEvents
FNDA:0,(anonymous_13)
FNDA:0,(anonymous_14)
FNDA:0,(anonymous_15)
DA:1,2
DA:2,2
DA:3,2
DA:7,2
DA:9,2
DA:22,2
DA:27,5
DA:29,5
DA:30,5
DA:31,5
DA:32,5
DA:33,5
DA:35,5
DA:36,5
DA:37,5
DA:38,5
DA:39,5
DA:40,5
DA:52,2
DA:59,2
DA:61,2
DA:68,2
DA:71,2
DA:72,1
DA:74,1
DA:80,1
DA:81,1
DA:85,1
DA:86,1
DA:88,1
DA:94,0
DA:95,0
DA:96,0
DA:99,1
DA:111,2
DA:117,3
DA:119,3
DA:120,3
DA:121,3
DA:122,3
DA:123,3
DA:125,3
DA:126,0
DA:128,0
DA:129,0
DA:138,0
DA:147,0
DA:149,0
DA:151,0
DA:154,0
DA:155,0
DA:156,0
DA:158,0
DA:161,0
DA:164,0
LF:55
LH:39
BRDA:126,0,0,0
BRDA:126,0,1,0
BRF:2
BRH:0
end_of_record
TN:
SF:src/routes/routes.ts
FN:9,(anonymous_8)
FN:9,(anonymous_9)
FN:13,(anonymous_10)
FN:13,(anonymous_11)
FN:17,(anonymous_12)
FN:17,(anonymous_13)
FN:28,(anonymous_14)
FN:28,(anonymous_15)
FN:45,(anonymous_16)
FN:45,(anonymous_17)
FNF:10
FNH:10
FNDA:1,(anonymous_8)
FNDA:1,(anonymous_9)
FNDA:1,(anonymous_10)
FNDA:1,(anonymous_11)
FNDA:4,(anonymous_12)
FNDA:4,(anonymous_13)
FNDA:1,(anonymous_14)
FNDA:1,(anonymous_15)
FNDA:3,(anonymous_16)
FNDA:3,(anonymous_17)
DA:1,1
DA:2,1
DA:3,1
DA:6,1
DA:7,1
DA:9,1
DA:10,1
DA:13,1
DA:14,1
DA:17,4
DA:18,4
DA:19,4
DA:20,4
DA:21,4
DA:23,0
DA:24,0
DA:28,1
DA:29,1
DA:30,1
DA:31,1
DA:38,0
DA:40,1
DA:41,1
DA:45,3
DA:46,3
DA:47,3
DA:48,3
DA:49,3
DA:51,0
DA:52,0
DA:56,1
LF:31
LH:26
BRF:0
BRH:0
end_of_record
TN:
SF:src/utils/const.ts
FNF:0
FNH:0
DA:1,2
DA:2,2
LF:2
LH:2
BRF:0
BRH:0
end_of_record
